/data/data/com.termux/files/home/autosave.sh: line 2: inotifywait: command not found
[main bbe008e] Auto-save sync: Sat Jul 11 21:04:10 EDT 2026
 1 file changed, 2 insertions(+)
 create mode 100644 main.py
To https://github.com/zanisd0pe-sketch/New-game.git
   cc4b6a4..bbe008e  main -> main
[main 9cfa039] Auto-save sync: Sat Jul 11 21:05:12 EDT 2026
 1 file changed, 5 insertions(+)
To https://github.com/zanisd0pe-sketch/New-game.git
   bbe008e..9cfa039  main -> main
[main d617f96] Auto-save sync: Sat Jul 11 21:06:13 EDT 2026
 1 file changed, 4 insertions(+)
To https://github.com/zanisd0pe-sketch/New-game.git
   9cfa039..d617f96  main -> main
[main d59c1e8] Auto-save sync: Sat Jul 11 21:07:15 EDT 2026
 1 file changed, 4 insertions(+)
To https://github.com/zanisd0pe-sketch/New-game.git
   d617f96..d59c1e8  main -> main
[main d808f21] Auto-save sync: Sat Jul 11 21:08:17 EDT 2026
 1 file changed, 4 insertions(+)
To https://github.com/zanisd0pe-sketch/New-game.git
   d59c1e8..d808f21  main -> main
[main b4b0feb] Auto-save sync: Sat Jul 11 21:09:18 EDT 2026
 1 file changed, 4 insertions(+)
To https://github.com/zanisd0pe-sketch/New-game.git
   d808f21..b4b0feb  main -> main
[main 9031614] Auto-save sync: Sat Jul 11 21:10:20 EDT 2026
 1 file changed, 4 insertions(+)
To https://github.com/zanisd0pe-sketch/New-game.git
   b4b0feb..9031614  main -> main
[main d510ffa] Auto-save sync: Sat Jul 11 21:11:21 EDT 2026
 1 file changed, 4 insertions(+)
To https://github.com/zanisd0pe-sketch/New-game.git
   9031614..d510ffa  main -> main
[main b50a7a3] Auto-save sync: Sat Jul 11 21:12:26 EDT 2026
 1 file changed, 4 insertions(+)
To https://github.com/zanisd0pe-sketch/New-game.git
   d510ffa..b50a7a3  main -> main
[main e0eed0d] Auto-save sync: Sat Jul 11 21:13:27 EDT 2026
 1 file changed, 4 insertions(+)
To https://github.com/zanisd0pe-sketch/New-game.git
   b50a7a3..e0eed0d  main -> main
[main 53a62c2] Auto-save sync: Sat Jul 11 21:14:29 EDT 2026
 1 file changed, 4 insertions(+)
To https://github.com/zanisd0pe-sketch/New-game.git
   e0eed0d..53a62c2  main -> main
[main b4fa251] Auto-save sync: Sat Jul 11 21:15:30 EDT 2026
 1 file changed, 4 insertions(+)
To https://github.com/zanisd0pe-sketch/New-game.git
   53a62c2..b4fa251  main -> main
[main 2d6e38a] Auto-save sync: Sat Jul 11 21:16:32 EDT 2026
 1 file changed, 4 insertions(+)
To https://github.com/zanisd0pe-sketch/New-game.git
   b4fa251..2d6e38a  main -> main
[main 9eaecc7] Auto-save sync: Sat Jul 11 21:17:34 EDT 2026
 1 file changed, 4 insertions(+)
To https://github.com/zanisd0pe-sketch/New-game.git
   2d6e38a..9eaecc7  main -> main
[main 7ffb56b] Auto-save sync: Sat Jul 11 21:18:36 EDT 2026
 1 file changed, 4 insertions(+)
To https://github.com/zanisd0pe-sketch/New-game.git
   9eaecc7..7ffb56b  main -> main
[main 9816726] Auto-save sync: Sat Jul 11 21:19:55 EDT 2026
 1 file changed, 4 insertions(+)
To https://github.com/zanisd0pe-sketch/New-game.git
   7ffb56b..9816726  main -> main
[main 66afac8] Auto-save sync: Sat Jul 11 21:21:20 EDT 2026
 1 file changed, 4 insertions(+)
To https://github.com/zanisd0pe-sketch/New-game.git
   9816726..66afac8  main -> main
[main ca32175] Auto-save sync: Sat Jul 11 21:22:40 EDT 2026
 1 file changed, 4 insertions(+)
To https://github.com/zanisd0pe-sketch/New-game.git
   66afac8..ca32175  main -> main
[main 9e42257] Auto-save sync: Sat Jul 11 21:24:20 EDT 2026
 1 file changed, 4 insertions(+)
To https://github.com/zanisd0pe-sketch/New-game.git
   ca32175..9e42257  main -> main
[main cde03db] Auto-save sync: Sat Jul 11 21:26:02 EDT 2026
 1 file changed, 4 insertions(+)
To https://github.com/zanisd0pe-sketch/New-game.git
   9e42257..cde03db  main -> main
[main b411916] Auto-save sync: Sat Jul 11 21:27:04 EDT 2026
 1 file changed, 4 insertions(+)
To https://github.com/zanisd0pe-sketch/New-game.git
   cde03db..b411916  main -> main
[main fd30d47] Auto-save sync: Sat Jul 11 21:28:07 EDT 2026
 1 file changed, 4 insertions(+)
To https://github.com/zanisd0pe-sketch/New-game.git
   b411916..fd30d47  main -> main
